Build started 20.01.2016 0:14:08.
     1>Project "D:\Development\CPP\SDLGame\SDLGame\SDLGame.vcxproj" on node 2 (Build target(s)).
     1>ClCompile:
         C:\Program Files (x86)\Microsoft Visual Studio 12.0\VC\bin\CL.exe /c /ZI /nologo /W3 /WX- /sdl /Od /Oy- /D _MBCS /Gm /EHsc /RTC1 /MDd /GS /fp:precise /Zc:wchar_t /Zc:forScope /Fo"Debug\\" /Fd"Debug\vc120.pdb" /Gd /TP /analyze- /errorReport:prompt Enemy.cpp
         Enemy.cpp
     1>d:\development\cpp\sdlgame\sdlgame\weapon.h(20): warning C4244: 'return' : conversion from 'float' to 'int', possible loss of data
       Link:
         C:\Program Files (x86)\Microsoft Visual Studio 12.0\VC\bin\link.exe /ERRORREPORT:PROMPT /OUT:"D:\Development\CPP\SDLGame\Debug\SDLGame.exe" /INCREMENTAL /NOLOGO /LIBPATH:C:\lib\x64 SDL2.lib SDL2main.lib kernel32.lib user32.lib gdi32.lib winspool.lib comdlg32.lib advapi32.lib shell32.lib ole32.lib oleaut32.lib uuid.lib odbc32.lib odbccp32.lib /MANIFEST /MANIFESTUAC:"level='asInvoker' uiAccess='false'" /manifest:embed /DEBUG /PDB:"D:\Development\CPP\SDLGame\Debug\SDLGame.pdb" /SUBSYSTEM:WINDOWS /TLBID:1 /DYNAMICBASE /NXCOMPAT /IMPLIB:"D:\Development\CPP\SDLGame\Debug\SDLGame.lib" /MACHINE:X86 Debug\AmmoObject.obj
         Debug\AnimationHandler.obj
         Debug\AnimationParser.obj
         Debug\base64.obj
         Debug\BulletHandler.obj
         Debug\Button.obj
         Debug\CollisionManager.obj
         Debug\Decoration.obj
         Debug\EGameObject.obj
         Debug\Enemy.obj
         Debug\Game.obj
         Debug\GameOverState.obj
         Debug\GameStateMachine.obj
         Debug\InputHandler.obj
         Debug\Level.obj
         Debug\LevelManager.obj
         Debug\LevelParser.obj
         Debug\ListView.obj
         Debug\Log.obj
         Debug\LogoState.obj
         Debug\LoopAnimation.obj
         Debug\main.obj
         Debug\Melee.obj
         Debug\MenuState.obj
         Debug\MoveAnimation.obj
         Debug\NumberAnimation.obj
         Debug\ObjectFactory.obj
         Debug\ObjectLayer.obj
         Debug\PauseState.obj
         Debug\Player.obj
         Debug\PlayState.obj
         Debug\SequenceState.obj
         Debug\SheetAnimation.obj
         Debug\SoundManager.obj
         Debug\StateParser.obj
         Debug\TextureManager.obj
         Debug\TileLayer.obj
         Debug\Weapon.obj
         SDLGame.vcxproj -> D:\Development\CPP\SDLGame\Debug\SDLGame.exe
     1>Done Building Project "D:\Development\CPP\SDLGame\SDLGame\SDLGame.vcxproj" (Build target(s)).

Build succeeded.

Time Elapsed 00:00:02.49
